2025-01-07 13:11:57,343 - INFO - ShopifyDataImporter initialized successfully
2025-01-07 13:11:57,343 - INFO - Reading product data from /Users/tony/mySQL/linoroso_analytics/linoroso_analytics/data/raw/products_export_12.csv
2025-01-07 13:11:57,348 - INFO - Successfully read CSV file with 496 rows
2025-01-07 13:11:57,489 - INFO - Successfully connected to database
2025-01-07 13:11:57,503 - ERROR - Error processing row 0: 1054 (42S22): Unknown column 'nan' in 'field list'
2025-01-07 13:11:57,504 - ERROR - Error processing row 1: 1054 (42S22): Unknown column 'nan' in 'field list'
2025-01-07 13:11:57,504 - ERROR - Error processing row 2: 1054 (42S22): Unknown column 'nan' in 'field list'
2025-01-07 13:11:57,504 - ERROR - Error processing row 3: 1054 (42S22): Unknown column 'nan' in 'field list'
2025-01-07 13:11:57,505 - ERROR - Error processing row 4: 1054 (42S22): Unknown column 'nan' in 'field list'
2025-01-07 13:11:57,505 - ERROR - Error processing row 5: 1054 (42S22): Unknown column 'nan' in 'field list'
2025-01-07 13:11:57,518 - ERROR - Error processing row 6: 1146 (42S02): Table 'linoroso_analytics.products_history' doesn't exist
2025-01-07 13:11:57,519 - ERROR - Error processing row 7: 1054 (42S22): Unknown column 'nan' in 'field list'
2025-01-07 13:11:57,519 - ERROR - Error processing row 8: 1054 (42S22): Unknown column 'nan' in 'field list'
2025-01-07 13:11:57,520 - ERROR - Error processing row 9: 1054 (42S22): Unknown column 'nan' in 'field list'
2025-01-07 13:11:57,520 - ERROR - Error processing row 10: 1054 (42S22): Unknown column 'nan' in 'field list'
2025-01-07 13:11:57,520 - ERROR - Error processing row 11: 1054 (42S22): Unknown column 'nan' in 'field list'
2025-01-07 13:11:57,520 - ERROR - Error processing row 12: 1054 (42S22): Unknown column 'nan' in 'field list'
2025-01-07 13:11:57,521 - ERROR - Error processing row 13: 1054 (42S22): Unknown column 'nan' in 'field list'
2025-01-07 13:11:57,521 - ERROR - Error processing row 14: 1054 (42S22): Unknown column 'nan' in 'field list'
2025-01-07 13:11:57,521 - ERROR - Error processing row 15: 1054 (42S22): Unknown column 'nan' in 'field list'
2025-01-07 13:11:57,521 - ERROR - Error processing row 16: 1054 (42S22): Unknown column 'nan' in 'field list'
2025-01-07 13:11:57,521 - ERROR - Error processing row 17: 1054 (42S22): Unknown column 'nan' in 'field list'
2025-01-07 13:11:57,522 - ERROR - Error processing row 18: 1054 (42S22): Unknown column 'nan' in 'field list'
2025-01-07 13:11:57,522 - ERROR - Error processing row 19: 1054 (42S22): Unknown column 'nan' in 'field list'
2025-01-07 13:11:57,522 - ERROR - Error processing row 20: 1054 (42S22): Unknown column 'nan' in 'field list'
2025-01-07 13:11:57,522 - ERROR - Error processing row 21: 1054 (42S22): Unknown column 'nan' in 'field list'
2025-01-07 13:11:57,523 - ERROR - Error processing row 22: 1054 (42S22): Unknown column 'nan' in 'field list'
2025-01-07 13:11:57,523 - ERROR - Error processing row 23: 1054 (42S22): Unknown column 'nan' in 'field list'
2025-01-07 13:11:57,523 - ERROR - Error processing row 24: 1054 (42S22): Unknown column 'nan' in 'field list'
2025-01-07 13:11:57,523 - ERROR - Error processing row 25: 1054 (42S22): Unknown column 'nan' in 'field list'
2025-01-07 13:11:57,523 - ERROR - Error processing row 26: 1054 (42S22): Unknown column 'nan' in 'field list'
2025-01-07 13:11:57,524 - ERROR - Error processing row 27: 1054 (42S22): Unknown column 'nan' in 'field list'
2025-01-07 13:11:57,524 - ERROR - Error processing row 28: 1054 (42S22): Unknown column 'nan' in 'field list'
2025-01-07 13:11:57,524 - ERROR - Error processing row 29: 1054 (42S22): Unknown column 'nan' in 'field list'
2025-01-07 13:11:57,524 - ERROR - Error processing row 30: 1054 (42S22): Unknown column 'nan' in 'field list'
2025-01-07 13:11:57,524 - ERROR - Error processing row 31: 1054 (42S22): Unknown column 'nan' in 'field list'
2025-01-07 13:11:57,525 - ERROR - Error processing row 32: 1054 (42S22): Unknown column 'nan' in 'field list'
2025-01-07 13:11:57,525 - ERROR - Error processing row 33: 1054 (42S22): Unknown column 'nan' in 'field list'
2025-01-07 13:11:57,525 - ERROR - Error processing row 34: 1054 (42S22): Unknown column 'nan' in 'field list'
2025-01-07 13:11:57,525 - ERROR - Error processing row 35: 1054 (42S22): Unknown column 'nan' in 'field list'
2025-01-07 13:11:57,525 - ERROR - Error processing row 36: 1054 (42S22): Unknown column 'nan' in 'field list'
2025-01-07 13:11:57,526 - ERROR - Error processing row 37: 1054 (42S22): Unknown column 'nan' in 'field list'
2025-01-07 13:11:57,526 - ERROR - Error processing row 38: 1054 (42S22): Unknown column 'nan' in 'field list'
2025-01-07 13:11:57,526 - ERROR - Error processing row 39: 1054 (42S22): Unknown column 'nan' in 'field list'
2025-01-07 13:11:57,526 - ERROR - Error processing row 40: 1054 (42S22): Unknown column 'nan' in 'field list'
2025-01-07 13:11:57,526 - ERROR - Error processing row 41: 1054 (42S22): Unknown column 'nan' in 'field list'
2025-01-07 13:11:57,527 - ERROR - Error processing row 42: 1054 (42S22): Unknown column 'nan' in 'field list'
2025-01-07 13:11:57,527 - ERROR - Error processing row 43: 1054 (42S22): Unknown column 'nan' in 'field list'
2025-01-07 13:11:57,527 - ERROR - Error processing row 44: 1054 (42S22): Unknown column 'nan' in 'field list'
2025-01-07 13:11:57,527 - ERROR - Error processing row 45: 1054 (42S22): Unknown column 'nan' in 'field list'
2025-01-07 13:11:57,527 - ERROR - Error processing row 46: 1054 (42S22): Unknown column 'nan' in 'field list'
2025-01-07 13:11:57,528 - ERROR - Error processing row 47: 1054 (42S22): Unknown column 'nan' in 'field list'
2025-01-07 13:11:57,528 - ERROR - Error processing row 48: 1054 (42S22): Unknown column 'nan' in 'field list'
2025-01-07 13:11:57,528 - ERROR - Error processing row 49: 1054 (42S22): Unknown column 'nan' in 'field list'
2025-01-07 13:11:57,528 - ERROR - Error processing row 50: 1054 (42S22): Unknown column 'nan' in 'field list'
2025-01-07 13:11:57,528 - ERROR - Error processing row 51: 1054 (42S22): Unknown column 'nan' in 'field list'
2025-01-07 13:11:57,529 - ERROR - Error processing row 52: 1054 (42S22): Unknown column 'nan' in 'field list'
2025-01-07 13:11:57,529 - ERROR - Error processing row 53: 1054 (42S22): Unknown column 'nan' in 'field list'
2025-01-07 13:11:57,529 - ERROR - Error processing row 54: 1054 (42S22): Unknown column 'nan' in 'field list'
2025-01-07 13:11:57,529 - ERROR - Error processing row 55: 1054 (42S22): Unknown column 'nan' in 'field list'
2025-01-07 13:11:57,529 - ERROR - Error processing row 56: 1054 (42S22): Unknown column 'nan' in 'field list'
2025-01-07 13:11:57,529 - ERROR - Error processing row 57: 1054 (42S22): Unknown column 'nan' in 'field list'
2025-01-07 13:11:57,530 - ERROR - Error processing row 58: 1054 (42S22): Unknown column 'nan' in 'field list'
2025-01-07 13:11:57,530 - ERROR - Error processing row 59: 1054 (42S22): Unknown column 'nan' in 'field list'
2025-01-07 13:11:57,530 - ERROR - Error processing row 60: 1054 (42S22): Unknown column 'nan' in 'field list'
2025-01-07 13:11:57,530 - ERROR - Error processing row 61: 1054 (42S22): Unknown column 'nan' in 'field list'
2025-01-07 13:11:57,530 - ERROR - Error processing row 62: 1054 (42S22): Unknown column 'nan' in 'field list'
2025-01-07 13:11:57,531 - ERROR - Error processing row 63: 1054 (42S22): Unknown column 'nan' in 'field list'
2025-01-07 13:11:57,531 - ERROR - Error processing row 64: 1054 (42S22): Unknown column 'nan' in 'field list'
2025-01-07 13:11:57,532 - ERROR - Error processing row 65: 1054 (42S22): Unknown column 'nan' in 'field list'
2025-01-07 13:11:57,532 - ERROR - Error processing row 66: 1054 (42S22): Unknown column 'nan' in 'field list'
2025-01-07 13:11:57,532 - ERROR - Error processing row 67: 1054 (42S22): Unknown column 'nan' in 'field list'
2025-01-07 13:11:57,532 - ERROR - Error processing row 68: 1054 (42S22): Unknown column 'nan' in 'field list'
2025-01-07 13:11:57,532 - ERROR - Error processing row 69: 1054 (42S22): Unknown column 'nan' in 'field list'
2025-01-07 13:11:57,533 - ERROR - Error processing row 70: 1054 (42S22): Unknown column 'nan' in 'field list'
2025-01-07 13:11:57,533 - ERROR - Error processing row 71: 1054 (42S22): Unknown column 'nan' in 'field list'
2025-01-07 13:11:57,533 - ERROR - Error processing row 72: 1054 (42S22): Unknown column 'nan' in 'field list'
2025-01-07 13:11:57,533 - ERROR - Error processing row 73: 1054 (42S22): Unknown column 'nan' in 'field list'
2025-01-07 13:11:57,534 - ERROR - Error processing row 74: 1146 (42S02): Table 'linoroso_analytics.products_history' doesn't exist
2025-01-07 13:11:57,534 - ERROR - Error processing row 75: 1054 (42S22): Unknown column 'nan' in 'field list'
2025-01-07 13:11:57,535 - ERROR - Error processing row 76: 1054 (42S22): Unknown column 'nan' in 'field list'
2025-01-07 13:11:57,535 - ERROR - Error processing row 77: 1054 (42S22): Unknown column 'nan' in 'field list'
2025-01-07 13:11:57,535 - ERROR - Error processing row 78: 1054 (42S22): Unknown column 'nan' in 'field list'
2025-01-07 13:11:57,535 - ERROR - Error processing row 79: 1054 (42S22): Unknown column 'nan' in 'field list'
2025-01-07 13:11:57,535 - ERROR - Error processing row 80: 1054 (42S22): Unknown column 'nan' in 'field list'
2025-01-07 13:11:57,535 - ERROR - Error processing row 81: 1054 (42S22): Unknown column 'nan' in 'field list'
2025-01-07 13:11:57,536 - ERROR - Error processing row 82: 1054 (42S22): Unknown column 'nan' in 'field list'
2025-01-07 13:11:57,536 - ERROR - Error processing row 83: 1054 (42S22): Unknown column 'nan' in 'field list'
2025-01-07 13:11:57,536 - ERROR - Error processing row 84: 1054 (42S22): Unknown column 'nan' in 'field list'
2025-01-07 13:11:57,536 - ERROR - Error processing row 85: 1054 (42S22): Unknown column 'nan' in 'field list'
2025-01-07 13:11:57,536 - ERROR - Error processing row 86: 1054 (42S22): Unknown column 'nan' in 'field list'
2025-01-07 13:11:57,537 - ERROR - Error processing row 87: 1054 (42S22): Unknown column 'nan' in 'field list'
2025-01-07 13:11:57,537 - ERROR - Error processing row 88: 1054 (42S22): Unknown column 'nan' in 'field list'
2025-01-07 13:11:57,537 - ERROR - Error processing row 89: 1054 (42S22): Unknown column 'nan' in 'field list'
2025-01-07 13:11:57,537 - ERROR - Error processing row 90: 1054 (42S22): Unknown column 'nan' in 'field list'
2025-01-07 13:11:57,537 - ERROR - Error processing row 91: 1054 (42S22): Unknown column 'nan' in 'field list'
2025-01-07 13:11:57,538 - ERROR - Error processing row 92: 1054 (42S22): Unknown column 'nan' in 'field list'
2025-01-07 13:11:57,538 - ERROR - Error processing row 93: 1054 (42S22): Unknown column 'nan' in 'field list'
2025-01-07 13:11:57,538 - ERROR - Error processing row 94: 1054 (42S22): Unknown column 'nan' in 'field list'
2025-01-07 13:11:57,538 - ERROR - Error processing row 95: 1054 (42S22): Unknown column 'nan' in 'field list'
2025-01-07 13:11:57,538 - ERROR - Error processing row 96: 1054 (42S22): Unknown column 'nan' in 'field list'
2025-01-07 13:11:57,539 - ERROR - Error processing row 97: 1054 (42S22): Unknown column 'nan' in 'field list'
2025-01-07 13:11:57,539 - ERROR - Error processing row 98: 1054 (42S22): Unknown column 'nan' in 'field list'
2025-01-07 13:11:57,539 - ERROR - Error processing row 99: 1054 (42S22): Unknown column 'nan' in 'field list'
2025-01-07 13:11:57,539 - ERROR - Error processing row 100: 1054 (42S22): Unknown column 'nan' in 'field list'
2025-01-07 13:11:57,539 - ERROR - Error processing row 101: 1054 (42S22): Unknown column 'nan' in 'field list'
2025-01-07 13:11:57,540 - ERROR - Error processing row 102: 1054 (42S22): Unknown column 'nan' in 'field list'
2025-01-07 13:11:57,540 - ERROR - Error processing row 103: 1054 (42S22): Unknown column 'nan' in 'field list'
2025-01-07 13:11:57,540 - ERROR - Error processing row 104: 1054 (42S22): Unknown column 'nan' in 'field list'
2025-01-07 13:11:57,540 - ERROR - Error processing row 105: 1054 (42S22): Unknown column 'nan' in 'field list'
2025-01-07 13:11:57,540 - ERROR - Error processing row 106: 1054 (42S22): Unknown column 'nan' in 'field list'
2025-01-07 13:11:57,541 - ERROR - Error processing row 107: 1054 (42S22): Unknown column 'nan' in 'field list'
2025-01-07 13:11:57,541 - ERROR - Error processing row 108: 1054 (42S22): Unknown column 'nan' in 'field list'
2025-01-07 13:11:57,541 - ERROR - Error processing row 109: 1054 (42S22): Unknown column 'nan' in 'field list'
2025-01-07 13:11:57,541 - ERROR - Error processing row 110: 1054 (42S22): Unknown column 'nan' in 'field list'
2025-01-07 13:11:57,541 - ERROR - Error processing row 111: 1054 (42S22): Unknown column 'nan' in 'field list'
2025-01-07 13:11:57,541 - ERROR - Error processing row 112: 1054 (42S22): Unknown column 'nan' in 'field list'
2025-01-07 13:11:57,542 - ERROR - Error processing row 113: 1054 (42S22): Unknown column 'nan' in 'field list'
2025-01-07 13:11:57,542 - ERROR - Error processing row 114: 1054 (42S22): Unknown column 'nan' in 'field list'
2025-01-07 13:11:57,542 - ERROR - Error processing row 115: 1054 (42S22): Unknown column 'nan' in 'field list'
2025-01-07 13:11:57,542 - ERROR - Error processing row 116: 1054 (42S22): Unknown column 'nan' in 'field list'
2025-01-07 13:11:57,542 - ERROR - Error processing row 117: 1054 (42S22): Unknown column 'nan' in 'field list'
2025-01-07 13:11:57,542 - ERROR - Error processing row 118: 1054 (42S22): Unknown column 'nan' in 'field list'
2025-01-07 13:11:57,543 - ERROR - Error processing row 119: 1054 (42S22): Unknown column 'nan' in 'field list'
2025-01-07 13:11:57,543 - ERROR - Error processing row 120: 1054 (42S22): Unknown column 'nan' in 'field list'
2025-01-07 13:11:57,543 - ERROR - Error processing row 121: 1054 (42S22): Unknown column 'nan' in 'field list'
2025-01-07 13:11:57,543 - ERROR - Error processing row 122: 1054 (42S22): Unknown column 'nan' in 'field list'
2025-01-07 13:11:57,543 - ERROR - Error processing row 123: 1054 (42S22): Unknown column 'nan' in 'field list'
2025-01-07 13:11:57,543 - ERROR - Error processing row 124: 1054 (42S22): Unknown column 'nan' in 'field list'
2025-01-07 13:11:57,544 - ERROR - Error processing row 125: 1054 (42S22): Unknown column 'nan' in 'field list'
2025-01-07 13:11:57,544 - ERROR - Error processing row 126: 1054 (42S22): Unknown column 'nan' in 'field list'
2025-01-07 13:11:57,544 - ERROR - Error processing row 127: 1054 (42S22): Unknown column 'nan' in 'field list'
2025-01-07 13:11:57,544 - ERROR - Error processing row 128: 1054 (42S22): Unknown column 'nan' in 'field list'
2025-01-07 13:11:57,544 - ERROR - Error processing row 129: 1054 (42S22): Unknown column 'nan' in 'field list'
2025-01-07 13:11:57,544 - ERROR - Error processing row 130: 1054 (42S22): Unknown column 'nan' in 'field list'
2025-01-07 13:11:57,545 - ERROR - Error processing row 131: 1054 (42S22): Unknown column 'nan' in 'field list'
2025-01-07 13:11:57,545 - ERROR - Error processing row 132: 1054 (42S22): Unknown column 'nan' in 'field list'
2025-01-07 13:11:57,545 - ERROR - Error processing row 133: 1054 (42S22): Unknown column 'nan' in 'field list'
2025-01-07 13:11:57,545 - ERROR - Error processing row 134: 1054 (42S22): Unknown column 'nan' in 'field list'
2025-01-07 13:11:57,545 - ERROR - Error processing row 135: 1054 (42S22): Unknown column 'nan' in 'field list'
2025-01-07 13:11:57,545 - ERROR - Error processing row 136: 1054 (42S22): Unknown column 'nan' in 'field list'
2025-01-07 13:11:57,546 - ERROR - Error processing row 137: 1054 (42S22): Unknown column 'nan' in 'field list'
2025-01-07 13:11:57,546 - ERROR - Error processing row 138: 1054 (42S22): Unknown column 'nan' in 'field list'
2025-01-07 13:11:57,546 - ERROR - Error processing row 139: 1054 (42S22): Unknown column 'nan' in 'field list'
2025-01-07 13:11:57,546 - ERROR - Error processing row 140: 1054 (42S22): Unknown column 'nan' in 'field list'
2025-01-07 13:11:57,546 - ERROR - Error processing row 141: 1054 (42S22): Unknown column 'nan' in 'field list'
2025-01-07 13:11:57,546 - ERROR - Error processing row 142: 1054 (42S22): Unknown column 'nan' in 'field list'
2025-01-07 13:11:57,547 - ERROR - Error processing row 143: 1054 (42S22): Unknown column 'nan' in 'field list'
2025-01-07 13:11:57,547 - ERROR - Error processing row 144: 1054 (42S22): Unknown column 'nan' in 'field list'
2025-01-07 13:11:57,547 - ERROR - Error processing row 145: 1054 (42S22): Unknown column 'nan' in 'field list'
2025-01-07 13:11:57,547 - ERROR - Error processing row 146: 1054 (42S22): Unknown column 'nan' in 'field list'
2025-01-07 13:11:57,547 - ERROR - Error processing row 147: 1054 (42S22): Unknown column 'nan' in 'field list'
2025-01-07 13:11:57,548 - ERROR - Error processing row 148: 1054 (42S22): Unknown column 'nan' in 'field list'
2025-01-07 13:11:57,548 - ERROR - Error processing row 149: 1054 (42S22): Unknown column 'nan' in 'field list'
2025-01-07 13:11:57,548 - ERROR - Error processing row 150: 1054 (42S22): Unknown column 'nan' in 'field list'
2025-01-07 13:11:57,548 - ERROR - Error processing row 151: 1054 (42S22): Unknown column 'nan' in 'field list'
2025-01-07 13:11:57,548 - ERROR - Error processing row 152: 1054 (42S22): Unknown column 'nan' in 'field list'
2025-01-07 13:11:57,548 - ERROR - Error processing row 153: 1054 (42S22): Unknown column 'nan' in 'field list'
2025-01-07 13:11:57,548 - ERROR - Error processing row 154: 1054 (42S22): Unknown column 'nan' in 'field list'
2025-01-07 13:11:57,549 - ERROR - Error processing row 155: 1054 (42S22): Unknown column 'nan' in 'field list'
2025-01-07 13:11:57,549 - ERROR - Error processing row 156: 1054 (42S22): Unknown column 'nan' in 'field list'
2025-01-07 13:11:57,549 - ERROR - Error processing row 157: 1054 (42S22): Unknown column 'nan' in 'field list'
2025-01-07 13:11:57,549 - ERROR - Error processing row 158: 1054 (42S22): Unknown column 'nan' in 'field list'
2025-01-07 13:11:57,549 - ERROR - Error processing row 159: 1054 (42S22): Unknown column 'nan' in 'field list'
2025-01-07 13:11:57,549 - ERROR - Error processing row 160: 1054 (42S22): Unknown column 'nan' in 'field list'
2025-01-07 13:11:57,550 - ERROR - Error processing row 161: 1054 (42S22): Unknown column 'nan' in 'field list'
2025-01-07 13:11:57,550 - ERROR - Error processing row 162: 1054 (42S22): Unknown column 'nan' in 'field list'
2025-01-07 13:11:57,550 - ERROR - Error processing row 163: 1054 (42S22): Unknown column 'nan' in 'field list'
2025-01-07 13:11:57,550 - ERROR - Error processing row 164: 1054 (42S22): Unknown column 'nan' in 'field list'
2025-01-07 13:11:57,550 - ERROR - Error processing row 165: 1054 (42S22): Unknown column 'nan' in 'field list'
2025-01-07 13:11:57,550 - ERROR - Error processing row 166: 1054 (42S22): Unknown column 'nan' in 'field list'
2025-01-07 13:11:57,550 - ERROR - Error processing row 167: 1054 (42S22): Unknown column 'nan' in 'field list'
2025-01-07 13:11:57,551 - ERROR - Error processing row 168: 1054 (42S22): Unknown column 'nan' in 'field list'
2025-01-07 13:11:57,551 - ERROR - Error processing row 169: 1054 (42S22): Unknown column 'nan' in 'field list'
2025-01-07 13:11:57,551 - ERROR - Error processing row 170: 1054 (42S22): Unknown column 'nan' in 'field list'
2025-01-07 13:11:57,551 - ERROR - Error processing row 171: 1054 (42S22): Unknown column 'nan' in 'field list'
2025-01-07 13:11:57,551 - ERROR - Error processing row 172: 1054 (42S22): Unknown column 'nan' in 'field list'
2025-01-07 13:11:57,551 - ERROR - Error processing row 173: 1054 (42S22): Unknown column 'nan' in 'field list'
2025-01-07 13:11:57,552 - ERROR - Error processing row 174: 1054 (42S22): Unknown column 'nan' in 'field list'
2025-01-07 13:11:57,552 - ERROR - Error processing row 175: 1054 (42S22): Unknown column 'nan' in 'field list'
2025-01-07 13:11:57,552 - ERROR - Error processing row 176: 1054 (42S22): Unknown column 'nan' in 'field list'
2025-01-07 13:11:57,552 - ERROR - Error processing row 177: 1054 (42S22): Unknown column 'nan' in 'field list'
2025-01-07 13:11:57,552 - ERROR - Error processing row 178: 1054 (42S22): Unknown column 'nan' in 'field list'
2025-01-07 13:11:57,552 - ERROR - Error processing row 179: 1054 (42S22): Unknown column 'nan' in 'field list'
2025-01-07 13:11:57,552 - ERROR - Error processing row 180: 1054 (42S22): Unknown column 'nan' in 'field list'
2025-01-07 13:11:57,552 - ERROR - Error processing row 181: 1054 (42S22): Unknown column 'nan' in 'field list'
2025-01-07 13:11:57,553 - ERROR - Error processing row 182: 1054 (42S22): Unknown column 'nan' in 'field list'
2025-01-07 13:11:57,553 - ERROR - Error processing row 183: 1054 (42S22): Unknown column 'nan' in 'field list'
2025-01-07 13:11:57,553 - ERROR - Error processing row 184: 1054 (42S22): Unknown column 'nan' in 'field list'
2025-01-07 13:11:57,553 - ERROR - Error processing row 185: 1054 (42S22): Unknown column 'nan' in 'field list'
2025-01-07 13:11:57,553 - ERROR - Error processing row 186: 1054 (42S22): Unknown column 'nan' in 'field list'
2025-01-07 13:11:57,553 - ERROR - Error processing row 187: 1054 (42S22): Unknown column 'nan' in 'field list'
2025-01-07 13:11:57,553 - ERROR - Error processing row 188: 1054 (42S22): Unknown column 'nan' in 'field list'
2025-01-07 13:11:57,553 - ERROR - Error processing row 189: 1054 (42S22): Unknown column 'nan' in 'field list'
2025-01-07 13:11:57,554 - ERROR - Error processing row 190: 1146 (42S02): Table 'linoroso_analytics.products_history' doesn't exist
2025-01-07 13:11:57,554 - ERROR - Error processing row 191: 1054 (42S22): Unknown column 'nan' in 'field list'
2025-01-07 13:11:57,554 - ERROR - Error processing row 192: 1054 (42S22): Unknown column 'nan' in 'field list'
2025-01-07 13:11:57,554 - ERROR - Error processing row 193: 1054 (42S22): Unknown column 'nan' in 'field list'
2025-01-07 13:11:57,554 - ERROR - Error processing row 194: 1054 (42S22): Unknown column 'nan' in 'field list'
2025-01-07 13:11:57,554 - ERROR - Error processing row 195: 1054 (42S22): Unknown column 'nan' in 'field list'
2025-01-07 13:11:57,555 - ERROR - Error processing row 196: 1054 (42S22): Unknown column 'nan' in 'field list'
2025-01-07 13:11:57,555 - ERROR - Error processing row 197: 1054 (42S22): Unknown column 'nan' in 'field list'
2025-01-07 13:11:57,555 - ERROR - Error processing row 198: 1054 (42S22): Unknown column 'nan' in 'field list'
2025-01-07 13:11:57,555 - ERROR - Error processing row 199: 1054 (42S22): Unknown column 'nan' in 'field list'
2025-01-07 13:11:57,555 - ERROR - Error processing row 200: 1054 (42S22): Unknown column 'nan' in 'field list'
2025-01-07 13:11:57,555 - ERROR - Error processing row 201: 1054 (42S22): Unknown column 'nan' in 'field list'
2025-01-07 13:11:57,555 - ERROR - Error processing row 202: 1054 (42S22): Unknown column 'nan' in 'field list'
2025-01-07 13:11:57,555 - ERROR - Error processing row 203: 1054 (42S22): Unknown column 'nan' in 'field list'
2025-01-07 13:11:57,556 - ERROR - Error processing row 204: 1054 (42S22): Unknown column 'nan' in 'field list'
2025-01-07 13:11:57,556 - ERROR - Error processing row 205: 1054 (42S22): Unknown column 'nan' in 'field list'
2025-01-07 13:11:57,556 - ERROR - Error processing row 206: 1054 (42S22): Unknown column 'nan' in 'field list'
2025-01-07 13:11:57,556 - ERROR - Error processing row 207: 1146 (42S02): Table 'linoroso_analytics.products_history' doesn't exist
2025-01-07 13:11:57,556 - ERROR - Error processing row 208: 1054 (42S22): Unknown column 'nan' in 'field list'
2025-01-07 13:11:57,556 - ERROR - Error processing row 209: 1054 (42S22): Unknown column 'nan' in 'field list'
2025-01-07 13:11:57,556 - ERROR - Error processing row 210: 1054 (42S22): Unknown column 'nan' in 'field list'
2025-01-07 13:11:57,557 - ERROR - Error processing row 211: 1054 (42S22): Unknown column 'nan' in 'field list'
2025-01-07 13:11:57,557 - ERROR - Error processing row 212: 1146 (42S02): Table 'linoroso_analytics.products_history' doesn't exist
2025-01-07 13:11:57,557 - ERROR - Error processing row 213: 1054 (42S22): Unknown column 'nan' in 'field list'
2025-01-07 13:11:57,557 - ERROR - Error processing row 214: 1054 (42S22): Unknown column 'nan' in 'field list'
2025-01-07 13:11:57,557 - ERROR - Error processing row 215: 1054 (42S22): Unknown column 'nan' in 'field list'
2025-01-07 13:11:57,557 - ERROR - Error processing row 216: 1054 (42S22): Unknown column 'nan' in 'field list'
2025-01-07 13:11:57,557 - ERROR - Error processing row 217: 1054 (42S22): Unknown column 'nan' in 'field list'
2025-01-07 13:11:57,558 - ERROR - Error processing row 218: 1054 (42S22): Unknown column 'nan' in 'field list'
2025-01-07 13:11:57,558 - ERROR - Error processing row 219: 1054 (42S22): Unknown column 'nan' in 'field list'
2025-01-07 13:11:57,558 - ERROR - Error processing row 220: 1054 (42S22): Unknown column 'nan' in 'field list'
2025-01-07 13:11:57,558 - ERROR - Error processing row 221: 1054 (42S22): Unknown column 'nan' in 'field list'
2025-01-07 13:11:57,558 - ERROR - Error processing row 222: 1054 (42S22): Unknown column 'nan' in 'field list'
2025-01-07 13:11:57,558 - ERROR - Error processing row 223: 1054 (42S22): Unknown column 'nan' in 'field list'
2025-01-07 13:11:57,558 - ERROR - Error processing row 224: 1054 (42S22): Unknown column 'nan' in 'field list'
2025-01-07 13:11:57,558 - ERROR - Error processing row 225: 1054 (42S22): Unknown column 'nan' in 'field list'
2025-01-07 13:11:57,559 - ERROR - Error processing row 226: 1054 (42S22): Unknown column 'nan' in 'field list'
2025-01-07 13:11:57,559 - ERROR - Error processing row 227: 1054 (42S22): Unknown column 'nan' in 'field list'
2025-01-07 13:11:57,559 - ERROR - Error processing row 228: 1054 (42S22): Unknown column 'nan' in 'field list'
2025-01-07 13:11:57,559 - ERROR - Error processing row 229: 1054 (42S22): Unknown column 'nan' in 'field list'
2025-01-07 13:11:57,559 - ERROR - Error processing row 230: 1054 (42S22): Unknown column 'nan' in 'field list'
2025-01-07 13:11:57,559 - ERROR - Error processing row 231: 1054 (42S22): Unknown column 'nan' in 'field list'
2025-01-07 13:11:57,559 - ERROR - Error processing row 232: 1054 (42S22): Unknown column 'nan' in 'field list'
2025-01-07 13:11:57,559 - ERROR - Error processing row 233: 1054 (42S22): Unknown column 'nan' in 'field list'
2025-01-07 13:11:57,560 - ERROR - Error processing row 234: 1054 (42S22): Unknown column 'nan' in 'field list'
2025-01-07 13:11:57,560 - ERROR - Error processing row 235: 1054 (42S22): Unknown column 'nan' in 'field list'
2025-01-07 13:11:57,560 - ERROR - Error processing row 236: 1146 (42S02): Table 'linoroso_analytics.products_history' doesn't exist
2025-01-07 13:11:57,560 - ERROR - Error processing row 237: 1054 (42S22): Unknown column 'nan' in 'field list'
2025-01-07 13:11:57,560 - ERROR - Error processing row 238: 1054 (42S22): Unknown column 'nan' in 'field list'
2025-01-07 13:11:57,560 - ERROR - Error processing row 239: 1054 (42S22): Unknown column 'nan' in 'field list'
2025-01-07 13:11:57,560 - ERROR - Error processing row 240: 1054 (42S22): Unknown column 'nan' in 'field list'
2025-01-07 13:11:57,561 - ERROR - Error processing row 241: 1054 (42S22): Unknown column 'nan' in 'field list'
2025-01-07 13:11:57,561 - ERROR - Error processing row 242: 1054 (42S22): Unknown column 'nan' in 'field list'
2025-01-07 13:11:57,561 - ERROR - Error processing row 243: 1054 (42S22): Unknown column 'nan' in 'field list'
2025-01-07 13:11:57,561 - ERROR - Error processing row 244: 1054 (42S22): Unknown column 'nan' in 'field list'
2025-01-07 13:11:57,561 - ERROR - Error processing row 245: 1054 (42S22): Unknown column 'nan' in 'field list'
2025-01-07 13:11:57,561 - ERROR - Error processing row 246: 1054 (42S22): Unknown column 'nan' in 'field list'
2025-01-07 13:11:57,561 - ERROR - Error processing row 247: 1146 (42S02): Table 'linoroso_analytics.products_history' doesn't exist
2025-01-07 13:11:57,561 - ERROR - Error processing row 248: 1054 (42S22): Unknown column 'nan' in 'field list'
2025-01-07 13:11:57,562 - ERROR - Error processing row 249: 1054 (42S22): Unknown column 'nan' in 'field list'
2025-01-07 13:11:57,562 - ERROR - Error processing row 250: 1054 (42S22): Unknown column 'nan' in 'field list'
2025-01-07 13:11:57,562 - ERROR - Error processing row 251: 1054 (42S22): Unknown column 'nan' in 'field list'
2025-01-07 13:11:57,562 - ERROR - Error processing row 252: 1146 (42S02): Table 'linoroso_analytics.products_history' doesn't exist
2025-01-07 13:11:57,562 - ERROR - Error processing row 253: 1054 (42S22): Unknown column 'nan' in 'field list'
2025-01-07 13:11:57,562 - ERROR - Error processing row 254: 1054 (42S22): Unknown column 'nan' in 'field list'
2025-01-07 13:11:57,562 - ERROR - Error processing row 255: 1054 (42S22): Unknown column 'nan' in 'field list'
2025-01-07 13:11:57,563 - ERROR - Error processing row 256: 1054 (42S22): Unknown column 'nan' in 'field list'
2025-01-07 13:11:57,563 - ERROR - Error processing row 257: 1146 (42S02): Table 'linoroso_analytics.products_history' doesn't exist
2025-01-07 13:11:57,563 - ERROR - Error processing row 258: 1054 (42S22): Unknown column 'nan' in 'field list'
2025-01-07 13:11:57,563 - ERROR - Error processing row 259: 1054 (42S22): Unknown column 'nan' in 'field list'
2025-01-07 13:11:57,563 - ERROR - Error processing row 260: 1054 (42S22): Unknown column 'nan' in 'field list'
2025-01-07 13:11:57,563 - ERROR - Error processing row 261: 1054 (42S22): Unknown column 'nan' in 'field list'
2025-01-07 13:11:57,564 - ERROR - Error processing row 262: 1146 (42S02): Table 'linoroso_analytics.products_history' doesn't exist
2025-01-07 13:11:57,564 - ERROR - Error processing row 263: 1054 (42S22): Unknown column 'nan' in 'field list'
2025-01-07 13:11:57,564 - ERROR - Error processing row 264: 1054 (42S22): Unknown column 'nan' in 'field list'
2025-01-07 13:11:57,564 - ERROR - Error processing row 265: 1054 (42S22): Unknown column 'nan' in 'field list'
2025-01-07 13:11:57,564 - ERROR - Error processing row 266: 1054 (42S22): Unknown column 'nan' in 'field list'
2025-01-07 13:11:57,564 - ERROR - Error processing row 267: 1054 (42S22): Unknown column 'nan' in 'field list'
2025-01-07 13:11:57,564 - ERROR - Error processing row 268: 1054 (42S22): Unknown column 'nan' in 'field list'
2025-01-07 13:11:57,564 - ERROR - Error processing row 269: 1054 (42S22): Unknown column 'nan' in 'field list'
2025-01-07 13:11:57,565 - ERROR - Error processing row 270: 1054 (42S22): Unknown column 'nan' in 'field list'
2025-01-07 13:11:57,565 - ERROR - Error processing row 271: 1054 (42S22): Unknown column 'nan' in 'field list'
2025-01-07 13:11:57,565 - ERROR - Error processing row 272: 1054 (42S22): Unknown column 'nan' in 'field list'
2025-01-07 13:11:57,565 - ERROR - Error processing row 273: 1054 (42S22): Unknown column 'nan' in 'field list'
2025-01-07 13:11:57,565 - ERROR - Error processing row 274: 1054 (42S22): Unknown column 'nan' in 'field list'
2025-01-07 13:11:57,565 - ERROR - Error processing row 275: 1054 (42S22): Unknown column 'nan' in 'field list'
2025-01-07 13:11:57,565 - ERROR - Error processing row 276: 1054 (42S22): Unknown column 'nan' in 'field list'
2025-01-07 13:11:57,565 - ERROR - Error processing row 277: 1054 (42S22): Unknown column 'nan' in 'field list'
2025-01-07 13:11:57,565 - ERROR - Error processing row 278: 1054 (42S22): Unknown column 'nan' in 'field list'
2025-01-07 13:11:57,566 - ERROR - Error processing row 279: 1146 (42S02): Table 'linoroso_analytics.products_history' doesn't exist
2025-01-07 13:11:57,566 - ERROR - Error processing row 280: 1054 (42S22): Unknown column 'nan' in 'field list'
2025-01-07 13:11:57,566 - ERROR - Error processing row 281: 1054 (42S22): Unknown column 'nan' in 'field list'
2025-01-07 13:11:57,566 - ERROR - Error processing row 282: 1054 (42S22): Unknown column 'nan' in 'field list'
2025-01-07 13:11:57,566 - ERROR - Error processing row 283: 1054 (42S22): Unknown column 'nan' in 'field list'
2025-01-07 13:11:57,566 - ERROR - Error processing row 284: 1054 (42S22): Unknown column 'nan' in 'field list'
2025-01-07 13:11:57,566 - ERROR - Error processing row 285: 1054 (42S22): Unknown column 'nan' in 'field list'
2025-01-07 13:11:57,567 - ERROR - Error processing row 286: 1054 (42S22): Unknown column 'nan' in 'field list'
2025-01-07 13:11:57,567 - ERROR - Error processing row 287: 1054 (42S22): Unknown column 'nan' in 'field list'
2025-01-07 13:11:57,567 - ERROR - Error processing row 288: 1054 (42S22): Unknown column 'nan' in 'field list'
2025-01-07 13:11:57,567 - ERROR - Error processing row 289: 1054 (42S22): Unknown column 'nan' in 'field list'
2025-01-07 13:11:57,567 - ERROR - Error processing row 290: 1054 (42S22): Unknown column 'nan' in 'field list'
2025-01-07 13:11:57,567 - ERROR - Error processing row 291: 1054 (42S22): Unknown column 'nan' in 'field list'
2025-01-07 13:11:57,567 - ERROR - Error processing row 292: 1054 (42S22): Unknown column 'nan' in 'field list'
2025-01-07 13:11:57,567 - ERROR - Error processing row 293: 1054 (42S22): Unknown column 'nan' in 'field list'
2025-01-07 13:11:57,567 - ERROR - Error processing row 294: 1054 (42S22): Unknown column 'nan' in 'field list'
2025-01-07 13:11:57,568 - ERROR - Error processing row 295: 1054 (42S22): Unknown column 'nan' in 'field list'
2025-01-07 13:11:57,568 - ERROR - Error processing row 296: 1054 (42S22): Unknown column 'nan' in 'field list'
2025-01-07 13:11:57,568 - ERROR - Error processing row 297: 1054 (42S22): Unknown column 'nan' in 'field list'
2025-01-07 13:11:57,568 - ERROR - Error processing row 298: 1054 (42S22): Unknown column 'nan' in 'field list'
2025-01-07 13:11:57,568 - ERROR - Error processing row 299: 1054 (42S22): Unknown column 'nan' in 'field list'
2025-01-07 13:11:57,568 - ERROR - Error processing row 300: 1054 (42S22): Unknown column 'nan' in 'field list'
2025-01-07 13:11:57,568 - ERROR - Error processing row 301: 1054 (42S22): Unknown column 'nan' in 'field list'
2025-01-07 13:11:57,568 - ERROR - Error processing row 302: 1054 (42S22): Unknown column 'nan' in 'field list'
2025-01-07 13:11:57,568 - ERROR - Error processing row 303: 1054 (42S22): Unknown column 'nan' in 'field list'
2025-01-07 13:11:57,569 - ERROR - Error processing row 304: 1054 (42S22): Unknown column 'nan' in 'field list'
2025-01-07 13:11:57,569 - ERROR - Error processing row 305: 1054 (42S22): Unknown column 'nan' in 'field list'
2025-01-07 13:11:57,569 - ERROR - Error processing row 306: 1054 (42S22): Unknown column 'nan' in 'field list'
2025-01-07 13:11:57,569 - ERROR - Error processing row 307: 1054 (42S22): Unknown column 'nan' in 'field list'
2025-01-07 13:11:57,569 - ERROR - Error processing row 308: 1054 (42S22): Unknown column 'nan' in 'field list'
2025-01-07 13:11:57,569 - ERROR - Error processing row 309: 1054 (42S22): Unknown column 'nan' in 'field list'
2025-01-07 13:11:57,569 - ERROR - Error processing row 310: 1054 (42S22): Unknown column 'nan' in 'field list'
2025-01-07 13:11:57,569 - ERROR - Error processing row 311: 1054 (42S22): Unknown column 'nan' in 'field list'
2025-01-07 13:11:57,570 - ERROR - Error processing row 312: 1054 (42S22): Unknown column 'nan' in 'field list'
2025-01-07 13:11:57,570 - ERROR - Error processing row 313: 1054 (42S22): Unknown column 'nan' in 'field list'
2025-01-07 13:11:57,570 - ERROR - Error processing row 314: 1054 (42S22): Unknown column 'nan' in 'field list'
2025-01-07 13:11:57,570 - ERROR - Error processing row 315: 1054 (42S22): Unknown column 'nan' in 'field list'
2025-01-07 13:11:57,570 - ERROR - Error processing row 316: 1054 (42S22): Unknown column 'nan' in 'field list'
2025-01-07 13:11:57,570 - ERROR - Error processing row 317: 1054 (42S22): Unknown column 'nan' in 'field list'
2025-01-07 13:11:57,570 - ERROR - Error processing row 318: 1054 (42S22): Unknown column 'nan' in 'field list'
2025-01-07 13:11:57,570 - ERROR - Error processing row 319: 1054 (42S22): Unknown column 'nan' in 'field list'
2025-01-07 13:11:57,570 - ERROR - Error processing row 320: 1054 (42S22): Unknown column 'nan' in 'field list'
2025-01-07 13:11:57,571 - ERROR - Error processing row 321: 1054 (42S22): Unknown column 'nan' in 'field list'
2025-01-07 13:11:57,571 - ERROR - Error processing row 322: 1054 (42S22): Unknown column 'nan' in 'field list'
2025-01-07 13:11:57,571 - ERROR - Error processing row 323: 1054 (42S22): Unknown column 'nan' in 'field list'
2025-01-07 13:11:57,571 - ERROR - Error processing row 324: 1054 (42S22): Unknown column 'nan' in 'field list'
2025-01-07 13:11:57,571 - ERROR - Error processing row 325: 1054 (42S22): Unknown column 'nan' in 'field list'
2025-01-07 13:11:57,571 - ERROR - Error processing row 326: 1054 (42S22): Unknown column 'nan' in 'field list'
2025-01-07 13:11:57,571 - ERROR - Error processing row 327: 1054 (42S22): Unknown column 'nan' in 'field list'
2025-01-07 13:11:57,571 - ERROR - Error processing row 328: 1054 (42S22): Unknown column 'nan' in 'field list'
2025-01-07 13:11:57,571 - ERROR - Error processing row 329: 1054 (42S22): Unknown column 'nan' in 'field list'
2025-01-07 13:11:57,572 - ERROR - Error processing row 330: 1054 (42S22): Unknown column 'nan' in 'field list'
2025-01-07 13:11:57,572 - ERROR - Error processing row 331: 1054 (42S22): Unknown column 'nan' in 'field list'
2025-01-07 13:11:57,572 - ERROR - Error processing row 332: 1146 (42S02): Table 'linoroso_analytics.products_history' doesn't exist
2025-01-07 13:11:57,572 - ERROR - Error processing row 333: 1054 (42S22): Unknown column 'nan' in 'field list'
2025-01-07 13:11:57,572 - ERROR - Error processing row 334: 1054 (42S22): Unknown column 'nan' in 'field list'
2025-01-07 13:11:57,572 - ERROR - Error processing row 335: 1054 (42S22): Unknown column 'nan' in 'field list'
2025-01-07 13:11:57,572 - ERROR - Error processing row 336: 1054 (42S22): Unknown column 'nan' in 'field list'
2025-01-07 13:11:57,573 - ERROR - Error processing row 337: 1146 (42S02): Table 'linoroso_analytics.products_history' doesn't exist
2025-01-07 13:11:57,573 - ERROR - Error processing row 338: 1054 (42S22): Unknown column 'nan' in 'field list'
2025-01-07 13:11:57,573 - ERROR - Error processing row 339: 1054 (42S22): Unknown column 'nan' in 'field list'
2025-01-07 13:11:57,573 - ERROR - Error processing row 340: 1054 (42S22): Unknown column 'nan' in 'field list'
2025-01-07 13:11:57,573 - ERROR - Error processing row 341: 1054 (42S22): Unknown column 'nan' in 'field list'
2025-01-07 13:11:57,573 - ERROR - Error processing row 342: 1054 (42S22): Unknown column 'nan' in 'field list'
2025-01-07 13:11:57,574 - ERROR - Error processing row 343: 1146 (42S02): Table 'linoroso_analytics.products_history' doesn't exist
2025-01-07 13:11:57,574 - ERROR - Error processing row 344: 1054 (42S22): Unknown column 'nan' in 'field list'
2025-01-07 13:11:57,574 - ERROR - Error processing row 345: 1054 (42S22): Unknown column 'nan' in 'field list'
2025-01-07 13:11:57,574 - ERROR - Error processing row 346: 1054 (42S22): Unknown column 'nan' in 'field list'
2025-01-07 13:11:57,574 - ERROR - Error processing row 347: 1054 (42S22): Unknown column 'nan' in 'field list'
2025-01-07 13:11:57,574 - ERROR - Error processing row 348: 1054 (42S22): Unknown column 'nan' in 'field list'
2025-01-07 13:11:57,574 - ERROR - Error processing row 349: 1054 (42S22): Unknown column 'nan' in 'field list'
2025-01-07 13:11:57,574 - ERROR - Error processing row 350: 1054 (42S22): Unknown column 'nan' in 'field list'
2025-01-07 13:11:57,575 - ERROR - Error processing row 351: 1146 (42S02): Table 'linoroso_analytics.products_history' doesn't exist
2025-01-07 13:11:57,575 - ERROR - Error processing row 352: 1054 (42S22): Unknown column 'nan' in 'field list'
2025-01-07 13:11:57,575 - ERROR - Error processing row 353: 1054 (42S22): Unknown column 'nan' in 'field list'
2025-01-07 13:11:57,575 - ERROR - Error processing row 354: 1054 (42S22): Unknown column 'nan' in 'field list'
2025-01-07 13:11:57,575 - ERROR - Error processing row 355: 1054 (42S22): Unknown column 'nan' in 'field list'
2025-01-07 13:11:57,575 - ERROR - Error processing row 356: 1054 (42S22): Unknown column 'nan' in 'field list'
2025-01-07 13:11:57,575 - ERROR - Error processing row 357: 1054 (42S22): Unknown column 'nan' in 'field list'
2025-01-07 13:11:57,575 - ERROR - Error processing row 358: 1146 (42S02): Table 'linoroso_analytics.products_history' doesn't exist
2025-01-07 13:11:57,576 - ERROR - Error processing row 359: 1054 (42S22): Unknown column 'nan' in 'field list'
2025-01-07 13:11:57,576 - ERROR - Error processing row 360: 1054 (42S22): Unknown column 'nan' in 'field list'
2025-01-07 13:11:57,576 - ERROR - Error processing row 361: 1054 (42S22): Unknown column 'nan' in 'field list'
2025-01-07 13:11:57,576 - ERROR - Error processing row 362: 1054 (42S22): Unknown column 'nan' in 'field list'
2025-01-07 13:11:57,576 - ERROR - Error processing row 363: 1054 (42S22): Unknown column 'nan' in 'field list'
2025-01-07 13:11:57,576 - ERROR - Error processing row 364: 1054 (42S22): Unknown column 'nan' in 'field list'
2025-01-07 13:11:57,576 - ERROR - Error processing row 365: 1146 (42S02): Table 'linoroso_analytics.products_history' doesn't exist
2025-01-07 13:11:57,577 - ERROR - Error processing row 366: 1054 (42S22): Unknown column 'nan' in 'field list'
2025-01-07 13:11:57,577 - ERROR - Error processing row 367: 1054 (42S22): Unknown column 'nan' in 'field list'
2025-01-07 13:11:57,577 - ERROR - Error processing row 368: 1054 (42S22): Unknown column 'nan' in 'field list'
2025-01-07 13:11:57,577 - ERROR - Error processing row 369: 1054 (42S22): Unknown column 'nan' in 'field list'
2025-01-07 13:11:57,577 - ERROR - Error processing row 370: 1054 (42S22): Unknown column 'nan' in 'field list'
2025-01-07 13:11:57,577 - ERROR - Error processing row 371: 1054 (42S22): Unknown column 'nan' in 'field list'
2025-01-07 13:11:57,577 - ERROR - Error processing row 372: 1146 (42S02): Table 'linoroso_analytics.products_history' doesn't exist
2025-01-07 13:11:57,577 - ERROR - Error processing row 373: 1054 (42S22): Unknown column 'nan' in 'field list'
2025-01-07 13:11:57,578 - ERROR - Error processing row 374: 1054 (42S22): Unknown column 'nan' in 'field list'
2025-01-07 13:11:57,578 - ERROR - Error processing row 375: 1054 (42S22): Unknown column 'nan' in 'field list'
2025-01-07 13:11:57,578 - ERROR - Error processing row 376: 1054 (42S22): Unknown column 'nan' in 'field list'
2025-01-07 13:11:57,578 - ERROR - Error processing row 377: 1054 (42S22): Unknown column 'nan' in 'field list'
2025-01-07 13:11:57,578 - ERROR - Error processing row 378: 1054 (42S22): Unknown column 'nan' in 'field list'
2025-01-07 13:11:57,578 - ERROR - Error processing row 379: 1146 (42S02): Table 'linoroso_analytics.products_history' doesn't exist
2025-01-07 13:11:57,578 - ERROR - Error processing row 380: 1054 (42S22): Unknown column 'nan' in 'field list'
2025-01-07 13:11:57,579 - ERROR - Error processing row 381: 1054 (42S22): Unknown column 'nan' in 'field list'
2025-01-07 13:11:57,579 - ERROR - Error processing row 382: 1054 (42S22): Unknown column 'nan' in 'field list'
2025-01-07 13:11:57,579 - ERROR - Error processing row 383: 1054 (42S22): Unknown column 'nan' in 'field list'
2025-01-07 13:11:57,579 - ERROR - Error processing row 384: 1054 (42S22): Unknown column 'nan' in 'field list'
2025-01-07 13:11:57,579 - ERROR - Error processing row 385: 1054 (42S22): Unknown column 'nan' in 'field list'
2025-01-07 13:11:57,579 - ERROR - Error processing row 386: 1054 (42S22): Unknown column 'nan' in 'field list'
2025-01-07 13:11:57,579 - ERROR - Error processing row 387: 1054 (42S22): Unknown column 'nan' in 'field list'
2025-01-07 13:11:57,579 - ERROR - Error processing row 388: 1054 (42S22): Unknown column 'nan' in 'field list'
2025-01-07 13:11:57,579 - ERROR - Error processing row 389: 1054 (42S22): Unknown column 'nan' in 'field list'
2025-01-07 13:11:57,580 - ERROR - Error processing row 390: 1054 (42S22): Unknown column 'nan' in 'field list'
2025-01-07 13:11:57,580 - ERROR - Error processing row 391: 1054 (42S22): Unknown column 'nan' in 'field list'
2025-01-07 13:11:57,580 - ERROR - Error processing row 392: 1054 (42S22): Unknown column 'nan' in 'field list'
2025-01-07 13:11:57,580 - ERROR - Error processing row 393: 1054 (42S22): Unknown column 'nan' in 'field list'
2025-01-07 13:11:57,580 - ERROR - Error processing row 394: 1054 (42S22): Unknown column 'nan' in 'field list'
2025-01-07 13:11:57,580 - ERROR - Error processing row 395: 1054 (42S22): Unknown column 'nan' in 'field list'
2025-01-07 13:11:57,580 - ERROR - Error processing row 396: 1054 (42S22): Unknown column 'nan' in 'field list'
2025-01-07 13:11:57,580 - ERROR - Error processing row 397: 1054 (42S22): Unknown column 'nan' in 'field list'
2025-01-07 13:11:57,581 - ERROR - Error processing row 398: 1054 (42S22): Unknown column 'nan' in 'field list'
2025-01-07 13:11:57,581 - ERROR - Error processing row 399: 1054 (42S22): Unknown column 'nan' in 'field list'
2025-01-07 13:11:57,581 - ERROR - Error processing row 400: 1146 (42S02): Table 'linoroso_analytics.products_history' doesn't exist
2025-01-07 13:11:57,581 - ERROR - Error processing row 401: 1054 (42S22): Unknown column 'nan' in 'field list'
2025-01-07 13:11:57,581 - ERROR - Error processing row 402: 1054 (42S22): Unknown column 'nan' in 'field list'
2025-01-07 13:11:57,581 - ERROR - Error processing row 403: 1054 (42S22): Unknown column 'nan' in 'field list'
2025-01-07 13:11:57,581 - ERROR - Error processing row 404: 1054 (42S22): Unknown column 'nan' in 'field list'
2025-01-07 13:11:57,582 - ERROR - Error processing row 405: 1054 (42S22): Unknown column 'nan' in 'field list'
2025-01-07 13:11:57,582 - ERROR - Error processing row 406: 1054 (42S22): Unknown column 'nan' in 'field list'
2025-01-07 13:11:57,582 - ERROR - Error processing row 407: 1146 (42S02): Table 'linoroso_analytics.products_history' doesn't exist
2025-01-07 13:11:57,582 - ERROR - Error processing row 408: 1054 (42S22): Unknown column 'nan' in 'field list'
2025-01-07 13:11:57,582 - ERROR - Error processing row 409: 1054 (42S22): Unknown column 'nan' in 'field list'
2025-01-07 13:11:57,582 - ERROR - Error processing row 410: 1054 (42S22): Unknown column 'nan' in 'field list'
2025-01-07 13:11:57,582 - ERROR - Error processing row 411: 1054 (42S22): Unknown column 'nan' in 'field list'
2025-01-07 13:11:57,582 - ERROR - Error processing row 412: 1054 (42S22): Unknown column 'nan' in 'field list'
2025-01-07 13:11:57,583 - ERROR - Error processing row 413: 1054 (42S22): Unknown column 'nan' in 'field list'
2025-01-07 13:11:57,583 - ERROR - Error processing row 414: 1054 (42S22): Unknown column 'nan' in 'field list'
2025-01-07 13:11:57,583 - ERROR - Error processing row 415: 1146 (42S02): Table 'linoroso_analytics.products_history' doesn't exist
2025-01-07 13:11:57,583 - ERROR - Error processing row 416: 1054 (42S22): Unknown column 'nan' in 'field list'
2025-01-07 13:11:57,583 - ERROR - Error processing row 417: 1054 (42S22): Unknown column 'nan' in 'field list'
2025-01-07 13:11:57,583 - ERROR - Error processing row 418: 1054 (42S22): Unknown column 'nan' in 'field list'
2025-01-07 13:11:57,583 - ERROR - Error processing row 419: 1054 (42S22): Unknown column 'nan' in 'field list'
2025-01-07 13:11:57,584 - ERROR - Error processing row 420: 1054 (42S22): Unknown column 'nan' in 'field list'
2025-01-07 13:11:57,584 - ERROR - Error processing row 421: 1054 (42S22): Unknown column 'nan' in 'field list'
2025-01-07 13:11:57,584 - ERROR - Error processing row 422: 1146 (42S02): Table 'linoroso_analytics.products_history' doesn't exist
2025-01-07 13:11:57,584 - ERROR - Error processing row 423: 1054 (42S22): Unknown column 'nan' in 'field list'
2025-01-07 13:11:57,584 - ERROR - Error processing row 424: 1054 (42S22): Unknown column 'nan' in 'field list'
2025-01-07 13:11:57,584 - ERROR - Error processing row 425: 1054 (42S22): Unknown column 'nan' in 'field list'
2025-01-07 13:11:57,584 - ERROR - Error processing row 426: 1054 (42S22): Unknown column 'nan' in 'field list'
2025-01-07 13:11:57,584 - ERROR - Error processing row 427: 1054 (42S22): Unknown column 'nan' in 'field list'
2025-01-07 13:11:57,585 - ERROR - Error processing row 428: 1054 (42S22): Unknown column 'nan' in 'field list'
2025-01-07 13:11:57,585 - ERROR - Error processing row 429: 1146 (42S02): Table 'linoroso_analytics.products_history' doesn't exist
2025-01-07 13:11:57,585 - ERROR - Error processing row 430: 1054 (42S22): Unknown column 'nan' in 'field list'
2025-01-07 13:11:57,585 - ERROR - Error processing row 431: 1054 (42S22): Unknown column 'nan' in 'field list'
2025-01-07 13:11:57,585 - ERROR - Error processing row 432: 1054 (42S22): Unknown column 'nan' in 'field list'
2025-01-07 13:11:57,585 - ERROR - Error processing row 433: 1054 (42S22): Unknown column 'nan' in 'field list'
2025-01-07 13:11:57,585 - ERROR - Error processing row 434: 1054 (42S22): Unknown column 'nan' in 'field list'
2025-01-07 13:11:57,586 - ERROR - Error processing row 435: 1054 (42S22): Unknown column 'nan' in 'field list'
2025-01-07 13:11:57,586 - ERROR - Error processing row 436: 1146 (42S02): Table 'linoroso_analytics.products_history' doesn't exist
2025-01-07 13:11:57,586 - ERROR - Error processing row 437: 1054 (42S22): Unknown column 'nan' in 'field list'
2025-01-07 13:11:57,586 - ERROR - Error processing row 438: 1054 (42S22): Unknown column 'nan' in 'field list'
2025-01-07 13:11:57,586 - ERROR - Error processing row 439: 1054 (42S22): Unknown column 'nan' in 'field list'
2025-01-07 13:11:57,586 - ERROR - Error processing row 440: 1054 (42S22): Unknown column 'nan' in 'field list'
2025-01-07 13:11:57,586 - ERROR - Error processing row 441: 1054 (42S22): Unknown column 'nan' in 'field list'
2025-01-07 13:11:57,586 - ERROR - Error processing row 442: 1054 (42S22): Unknown column 'nan' in 'field list'
2025-01-07 13:11:57,587 - ERROR - Error processing row 443: 1054 (42S22): Unknown column 'nan' in 'field list'
2025-01-07 13:11:57,587 - ERROR - Error processing row 444: 1146 (42S02): Table 'linoroso_analytics.products_history' doesn't exist
2025-01-07 13:11:57,587 - ERROR - Error processing row 445: 1054 (42S22): Unknown column 'nan' in 'field list'
2025-01-07 13:11:57,587 - ERROR - Error processing row 446: 1054 (42S22): Unknown column 'nan' in 'field list'
2025-01-07 13:11:57,587 - ERROR - Error processing row 447: 1054 (42S22): Unknown column 'nan' in 'field list'
2025-01-07 13:11:57,587 - ERROR - Error processing row 448: 1054 (42S22): Unknown column 'nan' in 'field list'
2025-01-07 13:11:57,587 - ERROR - Error processing row 449: 1054 (42S22): Unknown column 'nan' in 'field list'
2025-01-07 13:11:57,588 - ERROR - Error processing row 450: 1146 (42S02): Table 'linoroso_analytics.products_history' doesn't exist
2025-01-07 13:11:57,588 - ERROR - Error processing row 451: 1054 (42S22): Unknown column 'nan' in 'field list'
2025-01-07 13:11:57,588 - ERROR - Error processing row 452: 1054 (42S22): Unknown column 'nan' in 'field list'
2025-01-07 13:11:57,588 - ERROR - Error processing row 453: 1054 (42S22): Unknown column 'nan' in 'field list'
2025-01-07 13:11:57,588 - ERROR - Error processing row 454: 1054 (42S22): Unknown column 'nan' in 'field list'
2025-01-07 13:11:57,588 - ERROR - Error processing row 455: 1054 (42S22): Unknown column 'nan' in 'field list'
2025-01-07 13:11:57,588 - ERROR - Error processing row 456: 1054 (42S22): Unknown column 'nan' in 'field list'
2025-01-07 13:11:57,588 - ERROR - Error processing row 457: 1146 (42S02): Table 'linoroso_analytics.products_history' doesn't exist
2025-01-07 13:11:57,589 - ERROR - Error processing row 458: 1054 (42S22): Unknown column 'nan' in 'field list'
2025-01-07 13:11:57,589 - ERROR - Error processing row 459: 1054 (42S22): Unknown column 'nan' in 'field list'
2025-01-07 13:11:57,589 - ERROR - Error processing row 460: 1054 (42S22): Unknown column 'nan' in 'field list'
2025-01-07 13:11:57,589 - ERROR - Error processing row 461: 1054 (42S22): Unknown column 'nan' in 'field list'
2025-01-07 13:11:57,589 - ERROR - Error processing row 462: 1054 (42S22): Unknown column 'nan' in 'field list'
2025-01-07 13:11:57,589 - ERROR - Error processing row 463: 1054 (42S22): Unknown column 'nan' in 'field list'
2025-01-07 13:11:57,589 - ERROR - Error processing row 464: 1146 (42S02): Table 'linoroso_analytics.products_history' doesn't exist
2025-01-07 13:11:57,589 - ERROR - Error processing row 465: 1054 (42S22): Unknown column 'nan' in 'field list'
2025-01-07 13:11:57,590 - ERROR - Error processing row 466: 1054 (42S22): Unknown column 'nan' in 'field list'
2025-01-07 13:11:57,590 - ERROR - Error processing row 467: 1054 (42S22): Unknown column 'nan' in 'field list'
2025-01-07 13:11:57,590 - ERROR - Error processing row 468: 1054 (42S22): Unknown column 'nan' in 'field list'
2025-01-07 13:11:57,590 - ERROR - Error processing row 469: 1054 (42S22): Unknown column 'nan' in 'field list'
2025-01-07 13:11:57,590 - ERROR - Error processing row 470: 1054 (42S22): Unknown column 'nan' in 'field list'
2025-01-07 13:11:57,590 - ERROR - Error processing row 471: 1146 (42S02): Table 'linoroso_analytics.products_history' doesn't exist
2025-01-07 13:11:57,590 - ERROR - Error processing row 472: 1054 (42S22): Unknown column 'nan' in 'field list'
2025-01-07 13:11:57,591 - ERROR - Error processing row 473: 1054 (42S22): Unknown column 'nan' in 'field list'
2025-01-07 13:11:57,591 - ERROR - Error processing row 474: 1054 (42S22): Unknown column 'nan' in 'field list'
2025-01-07 13:11:57,591 - ERROR - Error processing row 475: 1054 (42S22): Unknown column 'nan' in 'field list'
2025-01-07 13:11:57,591 - ERROR - Error processing row 476: 1054 (42S22): Unknown column 'nan' in 'field list'
2025-01-07 13:11:57,591 - ERROR - Error processing row 477: 1054 (42S22): Unknown column 'nan' in 'field list'
2025-01-07 13:11:57,591 - ERROR - Error processing row 478: 1146 (42S02): Table 'linoroso_analytics.products_history' doesn't exist
2025-01-07 13:11:57,591 - ERROR - Error processing row 479: 1054 (42S22): Unknown column 'nan' in 'field list'
2025-01-07 13:11:57,591 - ERROR - Error processing row 480: 1054 (42S22): Unknown column 'nan' in 'field list'
2025-01-07 13:11:57,592 - ERROR - Error processing row 481: 1054 (42S22): Unknown column 'nan' in 'field list'
2025-01-07 13:11:57,592 - ERROR - Error processing row 482: 1054 (42S22): Unknown column 'nan' in 'field list'
2025-01-07 13:11:57,592 - ERROR - Error processing row 483: 1054 (42S22): Unknown column 'nan' in 'field list'
2025-01-07 13:11:57,592 - ERROR - Error processing row 484: 1146 (42S02): Table 'linoroso_analytics.products_history' doesn't exist
2025-01-07 13:11:57,592 - ERROR - Error processing row 485: 1054 (42S22): Unknown column 'nan' in 'field list'
2025-01-07 13:11:57,592 - ERROR - Error processing row 486: 1054 (42S22): Unknown column 'nan' in 'field list'
2025-01-07 13:11:57,592 - ERROR - Error processing row 487: 1054 (42S22): Unknown column 'nan' in 'field list'
2025-01-07 13:11:57,593 - ERROR - Error processing row 488: 1054 (42S22): Unknown column 'nan' in 'field list'
2025-01-07 13:11:57,593 - ERROR - Error processing row 489: 1054 (42S22): Unknown column 'nan' in 'field list'
2025-01-07 13:11:57,593 - ERROR - Error processing row 490: 1146 (42S02): Table 'linoroso_analytics.products_history' doesn't exist
2025-01-07 13:11:57,593 - ERROR - Error processing row 491: 1054 (42S22): Unknown column 'nan' in 'field list'
2025-01-07 13:11:57,593 - ERROR - Error processing row 492: 1054 (42S22): Unknown column 'nan' in 'field list'
2025-01-07 13:11:57,593 - ERROR - Error processing row 493: 1054 (42S22): Unknown column 'nan' in 'field list'
2025-01-07 13:11:57,593 - ERROR - Error processing row 494: 1054 (42S22): Unknown column 'nan' in 'field list'
2025-01-07 13:11:57,593 - ERROR - Error processing row 495: 1054 (42S22): Unknown column 'nan' in 'field list'
2025-01-07 13:11:57,595 - INFO - Product import completed successfully
2025-01-07 13:11:57,595 - INFO - Database connection closed
